CRITICAL - 2021-11-15 03:05:04 --> Arquivo inválido: templates/mensagens/sucesso.php
#0 /Users/bruno/Desktop/auxsoc/vendor/codeigniter4/framework/system/View/View.php(198): CodeIgniter\Exceptions\FrameworkException::forInvalidFile('templates/mensa...')
#1 /Users/bruno/Desktop/auxsoc/vendor/codeigniter4/framework/system/Common.php(1092): CodeIgniter\View\View->render('templates/mensa...', Array, true)
#2 /Users/bruno/Desktop/auxsoc/app/Controllers/Mensagem.php(8): view('templates/mensa...', Array)
#3 /Users/bruno/Desktop/auxsoc/vendor/codeigniter4/framework/system/CodeIgniter.php(802): App\Controllers\Mensagem->sucesso()
#4 /Users/bruno/Desktop/auxsoc/vendor/codeigniter4/framework/system/CodeIgniter.php(399): CodeIgniter\CodeIgniter->runController(Object(App\Controllers\Mensagem))
#5 /Users/bruno/Desktop/auxsoc/vendor/codeigniter4/framework/system/CodeIgniter.php(317): CodeIgniter\CodeIgniter->handleRequest(NULL, Object(Config\Cache), false)
#6 /Users/bruno/Desktop/auxsoc/public/index.php(37): CodeIgniter\CodeIgniter->run()
#7 /Users/bruno/Desktop/auxsoc/vendor/codeigniter4/framework/system/Commands/Server/rewrite.php(43): require_once('/Users/bruno/De...')
#8 {main}
CRITICAL - 2021-11-15 03:07:43 --> Arquivo inválido: templates/mensagens/sucesso.php
#0 /Users/bruno/Desktop/auxsoc/vendor/codeigniter4/framework/system/View/View.php(198): CodeIgniter\Exceptions\FrameworkException::forInvalidFile('templates/mensa...')
#1 /Users/bruno/Desktop/auxsoc/vendor/codeigniter4/framework/system/Common.php(1092): CodeIgniter\View\View->render('templates/mensa...', Array, true)
#2 /Users/bruno/Desktop/auxsoc/app/Controllers/Mensagem.php(8): view('templates/mensa...', Array)
#3 /Users/bruno/Desktop/auxsoc/vendor/codeigniter4/framework/system/CodeIgniter.php(802): App\Controllers\Mensagem->sucesso()
#4 /Users/bruno/Desktop/auxsoc/vendor/codeigniter4/framework/system/CodeIgniter.php(399): CodeIgniter\CodeIgniter->runController(Object(App\Controllers\Mensagem))
#5 /Users/bruno/Desktop/auxsoc/vendor/codeigniter4/framework/system/CodeIgniter.php(317): CodeIgniter\CodeIgniter->handleRequest(NULL, Object(Config\Cache), false)
#6 /Users/bruno/Desktop/auxsoc/public/index.php(37): CodeIgniter\CodeIgniter->run()
#7 /Users/bruno/Desktop/auxsoc/vendor/codeigniter4/framework/system/Commands/Server/rewrite.php(43): require_once('/Users/bruno/De...')
#8 {main}
CRITICAL - 2021-11-15 03:07:57 --> Arquivo inválido: templates/mensagens/sucesso.php
#0 /Users/bruno/Desktop/auxsoc/vendor/codeigniter4/framework/system/View/View.php(198): CodeIgniter\Exceptions\FrameworkException::forInvalidFile('templates/mensa...')
#1 /Users/bruno/Desktop/auxsoc/vendor/codeigniter4/framework/system/Common.php(1092): CodeIgniter\View\View->render('templates/mensa...', Array, true)
#2 /Users/bruno/Desktop/auxsoc/app/Controllers/Mensagem.php(8): view('templates/mensa...', Array)
#3 /Users/bruno/Desktop/auxsoc/vendor/codeigniter4/framework/system/CodeIgniter.php(802): App\Controllers\Mensagem->sucesso()
#4 /Users/bruno/Desktop/auxsoc/vendor/codeigniter4/framework/system/CodeIgniter.php(399): CodeIgniter\CodeIgniter->runController(Object(App\Controllers\Mensagem))
#5 /Users/bruno/Desktop/auxsoc/vendor/codeigniter4/framework/system/CodeIgniter.php(317): CodeIgniter\CodeIgniter->handleRequest(NULL, Object(Config\Cache), false)
#6 /Users/bruno/Desktop/auxsoc/public/index.php(37): CodeIgniter\CodeIgniter->run()
#7 /Users/bruno/Desktop/auxsoc/vendor/codeigniter4/framework/system/Commands/Server/rewrite.php(43): require_once('/Users/bruno/De...')
#8 {main}
CRITICAL - 2021-11-15 03:09:59 --> Array to string conversion
#0 /Users/bruno/Desktop/auxsoc/app/Views/templates/mensagens/sucesso.php(16): CodeIgniter\Debug\Exceptions->errorHandler(2, 'Array to string...', '/Users/bruno/De...', 16)
#1 /Users/bruno/Desktop/auxsoc/vendor/codeigniter4/framework/system/View/View.php(214): include('/Users/bruno/De...')
#2 /Users/bruno/Desktop/auxsoc/vendor/codeigniter4/framework/system/View/View.php(217): CodeIgniter\View\View->CodeIgniter\View\{closure}()
#3 /Users/bruno/Desktop/auxsoc/vendor/codeigniter4/framework/system/Common.php(1092): CodeIgniter\View\View->render('templates/mensa...', Array, true)
#4 /Users/bruno/Desktop/auxsoc/app/Controllers/Mensagem.php(8): view('templates/mensa...', Array)
#5 /Users/bruno/Desktop/auxsoc/vendor/codeigniter4/framework/system/CodeIgniter.php(802): App\Controllers\Mensagem->sucesso()
#6 /Users/bruno/Desktop/auxsoc/vendor/codeigniter4/framework/system/CodeIgniter.php(399): CodeIgniter\CodeIgniter->runController(Object(App\Controllers\Mensagem))
#7 /Users/bruno/Desktop/auxsoc/vendor/codeigniter4/framework/system/CodeIgniter.php(317): CodeIgniter\CodeIgniter->handleRequest(NULL, Object(Config\Cache), false)
#8 /Users/bruno/Desktop/auxsoc/public/index.php(37): CodeIgniter\CodeIgniter->run()
#9 /Users/bruno/Desktop/auxsoc/vendor/codeigniter4/framework/system/Commands/Server/rewrite.php(43): require_once('/Users/bruno/De...')
#10 {main}
CRITICAL - 2021-11-15 03:20:46 --> Trying to access array offset on value of type null
#0 /Users/bruno/Desktop/auxsoc/app/Controllers/Mensagem.php(19): CodeIgniter\Debug\Exceptions->errorHandler(2, 'Trying to acces...', '/Users/bruno/De...', 19)
#1 /Users/bruno/Desktop/auxsoc/vendor/codeigniter4/framework/system/CodeIgniter.php(802): App\Controllers\Mensagem->sucesso()
#2 /Users/bruno/Desktop/auxsoc/vendor/codeigniter4/framework/system/CodeIgniter.php(399): CodeIgniter\CodeIgniter->runController(Object(App\Controllers\Mensagem))
#3 /Users/bruno/Desktop/auxsoc/vendor/codeigniter4/framework/system/CodeIgniter.php(317): CodeIgniter\CodeIgniter->handleRequest(NULL, Object(Config\Cache), false)
#4 /Users/bruno/Desktop/auxsoc/public/index.php(37): CodeIgniter\CodeIgniter->run()
#5 /Users/bruno/Desktop/auxsoc/vendor/codeigniter4/framework/system/Commands/Server/rewrite.php(43): require_once('/Users/bruno/De...')
#6 {main}
CRITICAL - 2021-11-15 03:22:23 --> Trying to access array offset on value of type null
#0 /Users/bruno/Desktop/auxsoc/app/Controllers/Mensagem.php(19): CodeIgniter\Debug\Exceptions->errorHandler(2, 'Trying to acces...', '/Users/bruno/De...', 19)
#1 /Users/bruno/Desktop/auxsoc/vendor/codeigniter4/framework/system/CodeIgniter.php(802): App\Controllers\Mensagem->sucesso()
#2 /Users/bruno/Desktop/auxsoc/vendor/codeigniter4/framework/system/CodeIgniter.php(399): CodeIgniter\CodeIgniter->runController(Object(App\Controllers\Mensagem))
#3 /Users/bruno/Desktop/auxsoc/vendor/codeigniter4/framework/system/CodeIgniter.php(317): CodeIgniter\CodeIgniter->handleRequest(NULL, Object(Config\Cache), false)
#4 /Users/bruno/Desktop/auxsoc/public/index.php(37): CodeIgniter\CodeIgniter->run()
#5 /Users/bruno/Desktop/auxsoc/vendor/codeigniter4/framework/system/Commands/Server/rewrite.php(43): require_once('/Users/bruno/De...')
#6 {main}
CRITICAL - 2021-11-15 03:22:35 --> Trying to access array offset on value of type null
#0 /Users/bruno/Desktop/auxsoc/app/Controllers/Mensagem.php(19): CodeIgniter\Debug\Exceptions->errorHandler(2, 'Trying to acces...', '/Users/bruno/De...', 19)
#1 /Users/bruno/Desktop/auxsoc/vendor/codeigniter4/framework/system/CodeIgniter.php(802): App\Controllers\Mensagem->sucesso()
#2 /Users/bruno/Desktop/auxsoc/vendor/codeigniter4/framework/system/CodeIgniter.php(399): CodeIgniter\CodeIgniter->runController(Object(App\Controllers\Mensagem))
#3 /Users/bruno/Desktop/auxsoc/vendor/codeigniter4/framework/system/CodeIgniter.php(317): CodeIgniter\CodeIgniter->handleRequest(NULL, Object(Config\Cache), false)
#4 /Users/bruno/Desktop/auxsoc/public/index.php(37): CodeIgniter\CodeIgniter->run()
#5 /Users/bruno/Desktop/auxsoc/vendor/codeigniter4/framework/system/Commands/Server/rewrite.php(43): require_once('/Users/bruno/De...')
#6 {main}
CRITICAL - 2021-11-15 11:15:45 --> Trying to access array offset on value of type null
#0 /Users/bruno/Desktop/auxsoc/app/Views/psicologos/form.php(52): CodeIgniter\Debug\Exceptions->errorHandler(2, 'Trying to acces...', '/Users/bruno/De...', 52)
#1 /Users/bruno/Desktop/auxsoc/vendor/codeigniter4/framework/system/View/View.php(214): include('/Users/bruno/De...')
#2 /Users/bruno/Desktop/auxsoc/vendor/codeigniter4/framework/system/View/View.php(217): CodeIgniter\View\View->CodeIgniter\View\{closure}()
#3 /Users/bruno/Desktop/auxsoc/vendor/codeigniter4/framework/system/Common.php(1092): CodeIgniter\View\View->render('psicologos/form', Array, true)
#4 /Users/bruno/Desktop/auxsoc/app/Controllers/Psicologo.php(70): view('psicologos/form', Array)
#5 /Users/bruno/Desktop/auxsoc/vendor/codeigniter4/framework/system/CodeIgniter.php(802): App\Controllers\Psicologo->editar('1')
#6 /Users/bruno/Desktop/auxsoc/vendor/codeigniter4/framework/system/CodeIgniter.php(399): CodeIgniter\CodeIgniter->runController(Object(App\Controllers\Psicologo))
#7 /Users/bruno/Desktop/auxsoc/vendor/codeigniter4/framework/system/CodeIgniter.php(317): CodeIgniter\CodeIgniter->handleRequest(NULL, Object(Config\Cache), false)
#8 /Users/bruno/Desktop/auxsoc/public/index.php(37): CodeIgniter\CodeIgniter->run()
#9 /Users/bruno/Desktop/auxsoc/vendor/codeigniter4/framework/system/Commands/Server/rewrite.php(43): require_once('/Users/bruno/De...')
#10 {main}
CRITICAL - 2021-11-15 11:16:08 --> Trying to access array offset on value of type null
#0 /Users/bruno/Desktop/auxsoc/app/Views/psicologos/form.php(52): CodeIgniter\Debug\Exceptions->errorHandler(2, 'Trying to acces...', '/Users/bruno/De...', 52)
#1 /Users/bruno/Desktop/auxsoc/vendor/codeigniter4/framework/system/View/View.php(214): include('/Users/bruno/De...')
#2 /Users/bruno/Desktop/auxsoc/vendor/codeigniter4/framework/system/View/View.php(217): CodeIgniter\View\View->CodeIgniter\View\{closure}()
#3 /Users/bruno/Desktop/auxsoc/vendor/codeigniter4/framework/system/Common.php(1092): CodeIgniter\View\View->render('psicologos/form', Array, true)
#4 /Users/bruno/Desktop/auxsoc/app/Controllers/Psicologo.php(70): view('psicologos/form', Array)
#5 /Users/bruno/Desktop/auxsoc/vendor/codeigniter4/framework/system/CodeIgniter.php(802): App\Controllers\Psicologo->editar('1')
#6 /Users/bruno/Desktop/auxsoc/vendor/codeigniter4/framework/system/CodeIgniter.php(399): CodeIgniter\CodeIgniter->runController(Object(App\Controllers\Psicologo))
#7 /Users/bruno/Desktop/auxsoc/vendor/codeigniter4/framework/system/CodeIgniter.php(317): CodeIgniter\CodeIgniter->handleRequest(NULL, Object(Config\Cache), false)
#8 /Users/bruno/Desktop/auxsoc/public/index.php(37): CodeIgniter\CodeIgniter->run()
#9 /Users/bruno/Desktop/auxsoc/vendor/codeigniter4/framework/system/Commands/Server/rewrite.php(43): require_once('/Users/bruno/De...')
#10 {main}
CRITICAL - 2021-11-15 11:18:33 --> Undefined variable $psicologo
#0 /Users/bruno/Desktop/auxsoc/app/Views/psicologos/form.php(52): CodeIgniter\Debug\Exceptions->errorHandler(2, 'Undefined varia...', '/Users/bruno/De...', 52)
#1 /Users/bruno/Desktop/auxsoc/vendor/codeigniter4/framework/system/View/View.php(214): include('/Users/bruno/De...')
#2 /Users/bruno/Desktop/auxsoc/vendor/codeigniter4/framework/system/View/View.php(217): CodeIgniter\View\View->CodeIgniter\View\{closure}()
#3 /Users/bruno/Desktop/auxsoc/vendor/codeigniter4/framework/system/Common.php(1092): CodeIgniter\View\View->render('psicologos/form', Array, true)
#4 /Users/bruno/Desktop/auxsoc/app/Controllers/Psicologo.php(37): view('psicologos/form', Array)
#5 /Users/bruno/Desktop/auxsoc/vendor/codeigniter4/framework/system/CodeIgniter.php(802): App\Controllers\Psicologo->incluir()
#6 /Users/bruno/Desktop/auxsoc/vendor/codeigniter4/framework/system/CodeIgniter.php(399): CodeIgniter\CodeIgniter->runController(Object(App\Controllers\Psicologo))
#7 /Users/bruno/Desktop/auxsoc/vendor/codeigniter4/framework/system/CodeIgniter.php(317): CodeIgniter\CodeIgniter->handleRequest(NULL, Object(Config\Cache), false)
#8 /Users/bruno/Desktop/auxsoc/public/index.php(37): CodeIgniter\CodeIgniter->run()
#9 /Users/bruno/Desktop/auxsoc/vendor/codeigniter4/framework/system/Commands/Server/rewrite.php(43): require_once('/Users/bruno/De...')
#10 {main}
CRITICAL - 2021-11-15 11:28:28 --> Undefined variable $dados
#0 /Users/bruno/Desktop/auxsoc/app/Views/psicologos/form.php(34): CodeIgniter\Debug\Exceptions->errorHandler(2, 'Undefined varia...', '/Users/bruno/De...', 34)
#1 /Users/bruno/Desktop/auxsoc/vendor/codeigniter4/framework/system/View/View.php(214): include('/Users/bruno/De...')
#2 /Users/bruno/Desktop/auxsoc/vendor/codeigniter4/framework/system/View/View.php(217): CodeIgniter\View\View->CodeIgniter\View\{closure}()
#3 /Users/bruno/Desktop/auxsoc/vendor/codeigniter4/framework/system/Common.php(1092): CodeIgniter\View\View->render('psicologos/form', Array, true)
#4 /Users/bruno/Desktop/auxsoc/app/Controllers/Psicologo.php(37): view('psicologos/form', Array)
#5 /Users/bruno/Desktop/auxsoc/vendor/codeigniter4/framework/system/CodeIgniter.php(802): App\Controllers\Psicologo->incluir()
#6 /Users/bruno/Desktop/auxsoc/vendor/codeigniter4/framework/system/CodeIgniter.php(399): CodeIgniter\CodeIgniter->runController(Object(App\Controllers\Psicologo))
#7 /Users/bruno/Desktop/auxsoc/vendor/codeigniter4/framework/system/CodeIgniter.php(317): CodeIgniter\CodeIgniter->handleRequest(NULL, Object(Config\Cache), false)
#8 /Users/bruno/Desktop/auxsoc/public/index.php(37): CodeIgniter\CodeIgniter->run()
#9 /Users/bruno/Desktop/auxsoc/vendor/codeigniter4/framework/system/Commands/Server/rewrite.php(43): require_once('/Users/bruno/De...')
#10 {main}
CRITICAL - 2021-11-15 18:44:52 --> syntax error, unexpected '$'
#0 C:\Users\Administrador\Desktop\auxsoc\auxsoc\vendor\codeigniter4\framework\system\Router\Router.php(160): CodeIgniter\Router\Router->autoRoute('assistente')
#1 C:\Users\Administrador\Desktop\auxsoc\auxsoc\vendor\codeigniter4\framework\system\CodeIgniter.php(702): CodeIgniter\Router\Router->handle('assistente')
#2 C:\Users\Administrador\Desktop\auxsoc\auxsoc\vendor\codeigniter4\framework\system\CodeIgniter.php(358): CodeIgniter\CodeIgniter->tryToRouteIt(Object(CodeIgniter\Router\RouteCollection))
#3 C:\Users\Administrador\Desktop\auxsoc\auxsoc\vendor\codeigniter4\framework\system\CodeIgniter.php(317): CodeIgniter\CodeIgniter->handleRequest(NULL, Object(Config\Cache), false)
#4 C:\Users\Administrador\Desktop\auxsoc\auxsoc\public\index.php(37): CodeIgniter\CodeIgniter->run()
#5 C:\Users\Administrador\Desktop\auxsoc\auxsoc\vendor\codeigniter4\framework\system\Commands\Server\rewrite.php(43): require_once('C:\\Users\\Admini...')
#6 {main}
CRITICAL - 2021-11-15 18:45:42 --> Class 'App\Models\AssistenteModel' not found
#0 C:\Users\Administrador\Desktop\auxsoc\auxsoc\vendor\codeigniter4\framework\system\CodeIgniter.php(779): App\Controllers\Assistente->__construct()
#1 C:\Users\Administrador\Desktop\auxsoc\auxsoc\vendor\codeigniter4\framework\system\CodeIgniter.php(390): CodeIgniter\CodeIgniter->createController()
#2 C:\Users\Administrador\Desktop\auxsoc\auxsoc\vendor\codeigniter4\framework\system\CodeIgniter.php(317): CodeIgniter\CodeIgniter->handleRequest(NULL, Object(Config\Cache), false)
#3 C:\Users\Administrador\Desktop\auxsoc\auxsoc\public\index.php(37): CodeIgniter\CodeIgniter->run()
#4 C:\Users\Administrador\Desktop\auxsoc\auxsoc\vendor\codeigniter4\framework\system\Commands\Server\rewrite.php(43): require_once('C:\\Users\\Admini...')
#5 {main}
CRITICAL - 2021-11-15 18:47:58 --> Class 'App\Models\AssistenteModel' not found
#0 C:\Users\Administrador\Desktop\auxsoc\auxsoc\vendor\codeigniter4\framework\system\CodeIgniter.php(779): App\Controllers\Assistente->__construct()
#1 C:\Users\Administrador\Desktop\auxsoc\auxsoc\vendor\codeigniter4\framework\system\CodeIgniter.php(390): CodeIgniter\CodeIgniter->createController()
#2 C:\Users\Administrador\Desktop\auxsoc\auxsoc\vendor\codeigniter4\framework\system\CodeIgniter.php(317): CodeIgniter\CodeIgniter->handleRequest(NULL, Object(Config\Cache), false)
#3 C:\Users\Administrador\Desktop\auxsoc\auxsoc\public\index.php(37): CodeIgniter\CodeIgniter->run()
#4 C:\Users\Administrador\Desktop\auxsoc\auxsoc\vendor\codeigniter4\framework\system\Commands\Server\rewrite.php(43): require_once('C:\\Users\\Admini...')
#5 {main}
ERROR - 2021-11-15 20:01:40 --> Unknown column 'assistentes.deleted_at' in 'where clause'
CRITICAL - 2021-11-15 20:01:40 --> Unknown column 'assistentes.deleted_at' in 'where clause'
#0 C:\Users\Administrador\Desktop\auxsoc\auxsoc\vendor\codeigniter4\framework\system\Database\MySQLi\Connection.php(280): mysqli->query('SELECT *\nFROM `...')
#1 C:\Users\Administrador\Desktop\auxsoc\auxsoc\vendor\codeigniter4\framework\system\Database\BaseConnection.php(663): CodeIgniter\Database\MySQLi\Connection->execute('SELECT *\nFROM `...')
#2 C:\Users\Administrador\Desktop\auxsoc\auxsoc\vendor\codeigniter4\framework\system\Database\BaseConnection.php(591): CodeIgniter\Database\BaseConnection->simpleQuery('SELECT *\nFROM `...')
#3 C:\Users\Administrador\Desktop\auxsoc\auxsoc\vendor\codeigniter4\framework\system\Database\BaseBuilder.php(1428): CodeIgniter\Database\BaseConnection->query('SELECT *\nFROM `...', Array, false)
#4 C:\Users\Administrador\Desktop\auxsoc\auxsoc\vendor\codeigniter4\framework\system\Model.php(183): CodeIgniter\Database\BaseBuilder->get()
#5 C:\Users\Administrador\Desktop\auxsoc\auxsoc\vendor\codeigniter4\framework\system\BaseModel.php(584): CodeIgniter\Model->doFindAll(0, 0)
#6 C:\Users\Administrador\Desktop\auxsoc\auxsoc\app\Controllers\Assistente.php(19): CodeIgniter\BaseModel->findAll()
#7 C:\Users\Administrador\Desktop\auxsoc\auxsoc\vendor\codeigniter4\framework\system\CodeIgniter.php(802): App\Controllers\Assistente->index()
#8 C:\Users\Administrador\Desktop\auxsoc\auxsoc\vendor\codeigniter4\framework\system\CodeIgniter.php(399): CodeIgniter\CodeIgniter->runController(Object(App\Controllers\Assistente))
#9 C:\Users\Administrador\Desktop\auxsoc\auxsoc\vendor\codeigniter4\framework\system\CodeIgniter.php(317): CodeIgniter\CodeIgniter->handleRequest(NULL, Object(Config\Cache), false)
#10 C:\Users\Administrador\Desktop\auxsoc\auxsoc\public\index.php(37): CodeIgniter\CodeIgniter->run()
#11 C:\Users\Administrador\Desktop\auxsoc\auxsoc\vendor\codeigniter4\framework\system\Commands\Server\rewrite.php(43): require_once('C:\\Users\\Admini...')
#12 {main}
ERROR - 2021-11-15 20:16:04 --> Unknown column 'assistentes.deleted_at' in 'where clause'
CRITICAL - 2021-11-15 20:16:04 --> Unknown column 'assistentes.deleted_at' in 'where clause'
#0 C:\Users\Administrador\Desktop\auxsoc\auxsoc\vendor\codeigniter4\framework\system\Database\MySQLi\Connection.php(280): mysqli->query('SELECT *\nFROM `...')
#1 C:\Users\Administrador\Desktop\auxsoc\auxsoc\vendor\codeigniter4\framework\system\Database\BaseConnection.php(663): CodeIgniter\Database\MySQLi\Connection->execute('SELECT *\nFROM `...')
#2 C:\Users\Administrador\Desktop\auxsoc\auxsoc\vendor\codeigniter4\framework\system\Database\BaseConnection.php(591): CodeIgniter\Database\BaseConnection->simpleQuery('SELECT *\nFROM `...')
#3 C:\Users\Administrador\Desktop\auxsoc\auxsoc\vendor\codeigniter4\framework\system\Database\BaseBuilder.php(1428): CodeIgniter\Database\BaseConnection->query('SELECT *\nFROM `...', Array, false)
#4 C:\Users\Administrador\Desktop\auxsoc\auxsoc\vendor\codeigniter4\framework\system\Model.php(183): CodeIgniter\Database\BaseBuilder->get()
#5 C:\Users\Administrador\Desktop\auxsoc\auxsoc\vendor\codeigniter4\framework\system\BaseModel.php(584): CodeIgniter\Model->doFindAll(0, 0)
#6 C:\Users\Administrador\Desktop\auxsoc\auxsoc\app\Controllers\Assistente.php(19): CodeIgniter\BaseModel->findAll()
#7 C:\Users\Administrador\Desktop\auxsoc\auxsoc\vendor\codeigniter4\framework\system\CodeIgniter.php(802): App\Controllers\Assistente->index()
#8 C:\Users\Administrador\Desktop\auxsoc\auxsoc\vendor\codeigniter4\framework\system\CodeIgniter.php(399): CodeIgniter\CodeIgniter->runController(Object(App\Controllers\Assistente))
#9 C:\Users\Administrador\Desktop\auxsoc\auxsoc\vendor\codeigniter4\framework\system\CodeIgniter.php(317): CodeIgniter\CodeIgniter->handleRequest(NULL, Object(Config\Cache), false)
#10 C:\Users\Administrador\Desktop\auxsoc\auxsoc\public\index.php(37): CodeIgniter\CodeIgniter->run()
#11 C:\Users\Administrador\Desktop\auxsoc\auxsoc\vendor\codeigniter4\framework\system\Commands\Server\rewrite.php(43): require_once('C:\\Users\\Admini...')
#12 {main}
ERROR - 2021-11-15 20:21:39 --> Unknown column 'assistente_crp' in 'field list'
CRITICAL - 2021-11-15 20:21:39 --> Unknown column 'assistente_crp' in 'field list'
#0 C:\Users\Administrador\Desktop\auxsoc\auxsoc\vendor\codeigniter4\framework\system\Database\MySQLi\Connection.php(280): mysqli->query('INSERT INTO `as...')
#1 C:\Users\Administrador\Desktop\auxsoc\auxsoc\vendor\codeigniter4\framework\system\Database\BaseConnection.php(663): CodeIgniter\Database\MySQLi\Connection->execute('INSERT INTO `as...')
#2 C:\Users\Administrador\Desktop\auxsoc\auxsoc\vendor\codeigniter4\framework\system\Database\BaseConnection.php(591): CodeIgniter\Database\BaseConnection->simpleQuery('INSERT INTO `as...')
#3 C:\Users\Administrador\Desktop\auxsoc\auxsoc\vendor\codeigniter4\framework\system\Database\BaseBuilder.php(1733): CodeIgniter\Database\BaseConnection->query('INSERT INTO `as...', Array, false)
#4 C:\Users\Administrador\Desktop\auxsoc\auxsoc\vendor\codeigniter4\framework\system\Model.php(239): CodeIgniter\Database\BaseBuilder->insert()
#5 C:\Users\Administrador\Desktop\auxsoc\auxsoc\vendor\codeigniter4\framework\system\BaseModel.php(738): CodeIgniter\Model->doInsert(Array)
#6 C:\Users\Administrador\Desktop\auxsoc\auxsoc\vendor\codeigniter4\framework\system\Model.php(620): CodeIgniter\BaseModel->insert(Array, false)
#7 C:\Users\Administrador\Desktop\auxsoc\auxsoc\vendor\codeigniter4\framework\system\BaseModel.php(658): CodeIgniter\Model->insert(Array, false)
#8 C:\Users\Administrador\Desktop\auxsoc\auxsoc\app\Controllers\Assistente.php(45): CodeIgniter\BaseModel->save(Array)
#9 C:\Users\Administrador\Desktop\auxsoc\auxsoc\vendor\codeigniter4\framework\system\CodeIgniter.php(802): App\Controllers\Assistente->salvar()
#10 C:\Users\Administrador\Desktop\auxsoc\auxsoc\vendor\codeigniter4\framework\system\CodeIgniter.php(399): CodeIgniter\CodeIgniter->runController(Object(App\Controllers\Assistente))
#11 C:\Users\Administrador\Desktop\auxsoc\auxsoc\vendor\codeigniter4\framework\system\CodeIgniter.php(317): CodeIgniter\CodeIgniter->handleRequest(NULL, Object(Config\Cache), false)
#12 C:\Users\Administrador\Desktop\auxsoc\auxsoc\public\index.php(37): CodeIgniter\CodeIgniter->run()
#13 C:\Users\Administrador\Desktop\auxsoc\auxsoc\vendor\codeigniter4\framework\system\Commands\Server\rewrite.php(43): require_once('C:\\Users\\Admini...')
#14 {main}
CRITICAL - 2021-11-15 20:59:36 --> Undefined index: assistente_crp
#0 C:\Users\Administrador\Desktop\auxsoc\auxsoc\app\Views\assistentes\index.php(51): CodeIgniter\Debug\Exceptions->errorHandler(8, 'Undefined index...', 'C:\\Users\\Admini...', 51, Array)
#1 C:\Users\Administrador\Desktop\auxsoc\auxsoc\vendor\codeigniter4\framework\system\View\View.php(214): include('C:\\Users\\Admini...')
#2 C:\Users\Administrador\Desktop\auxsoc\auxsoc\vendor\codeigniter4\framework\system\View\View.php(217): CodeIgniter\View\View->CodeIgniter\View\{closure}()
#3 C:\Users\Administrador\Desktop\auxsoc\auxsoc\vendor\codeigniter4\framework\system\Common.php(1092): CodeIgniter\View\View->render('assistentes/ind...', Array, true)
#4 C:\Users\Administrador\Desktop\auxsoc\auxsoc\app\Controllers\Assistente.php(29): view('assistentes/ind...', Array)
#5 C:\Users\Administrador\Desktop\auxsoc\auxsoc\vendor\codeigniter4\framework\system\CodeIgniter.php(802): App\Controllers\Assistente->index()
#6 C:\Users\Administrador\Desktop\auxsoc\auxsoc\vendor\codeigniter4\framework\system\CodeIgniter.php(399): CodeIgniter\CodeIgniter->runController(Object(App\Controllers\Assistente))
#7 C:\Users\Administrador\Desktop\auxsoc\auxsoc\vendor\codeigniter4\framework\system\CodeIgniter.php(317): CodeIgniter\CodeIgniter->handleRequest(NULL, Object(Config\Cache), false)
#8 C:\Users\Administrador\Desktop\auxsoc\auxsoc\public\index.php(37): CodeIgniter\CodeIgniter->run()
#9 C:\Users\Administrador\Desktop\auxsoc\auxsoc\vendor\codeigniter4\framework\system\Commands\Server\rewrite.php(43): require_once('C:\\Users\\Admini...')
#10 {main}
